Using pre-set license
Built from '2020.3/staging' branch; Version is '2020.3.26f1 (7298b473bc1a) revision 7510196'; Using compiler version '192528614'; Build Type 'Release'
OS: 'Windows 10  (10.0.19043) 64bit Core' Language: 'en' Physical Memory: 16336 MB
BatchMode: 1, IsHumanControllingUs: 0, StartBugReporterOnCrash: 0, Is64bit: 1, IsPro: 0

COMMAND LINE ARGUMENTS:
C:\Program Files\Unity\Hub\Editor\2020.3.26f1\Editor\Unity.exe
-adb2
-batchMode
-noUpm
-name
AssetImportWorker2
-projectPath
C:/Users/Arnaud/My project (1)
-logFile
Logs/AssetImportWorker2.log
-srvPort
60066
Successfully changed project path to: C:/Users/Arnaud/My project (1)
C:/Users/Arnaud/My project (1)
Using Asset Import Pipeline V2.
Refreshing native plugins compatible for Editor in 146.76 ms, found 16 plugins.
Preloading 2 native plugins for Editor in 5.71 ms.
Initialize engine version: 2020.3.26f1 (7298b473bc1a)
[Subsystems] Discovering subsystems at path C:/Program Files/Unity/Hub/Editor/2020.3.26f1/Editor/Data/Resources/UnitySubsystems
[Subsystems] Discovering subsystems at path C:/Users/Arnaud/My project (1)/Assets
GfxDevice: creating device client; threaded=0
